<?xml version="1.0" encoding="UTF-8"?>
<!-- Generated by org.testng.reporters.JUnitReportReporter -->
<testsuite skipped="0" hostname="namet5" name="com.qa.appium.Testcases.LoginTest" tests="1" failures="0" timestamp="18 Jan 2019 11:54:26 GMT" time="70.742" errors="0">
  <testcase name="loginApp" time="70.742" classname="com.qa.appium.Testcases.LoginTest"/>
</testsuite> <!-- com.qa.appium.Testcases.LoginTest -->
